hive> explain select a.symbol, year(a.trade_date), max(a.high), min(a.low), avg(a.close), sum(b.dividend)
hive> from nyse_data a left outer join dividends b
hive> on (a.symbol = b.symbol and a.trade_date = b.trade_date)
hive> group by a.symbol, year(a.trade_date);

OK
STAGE DEPENDENCIES:
  Stage-5 is a root stage
  Stage-2 depends on stages: Stage-5
  Stage-0 depends on stages: Stage-2

STAGE PLANS:
  Stage: Stage-5
    Map Reduce Local Work
      Alias -> Map Local Tables:
        b 
          Fetch Operator
            limit: -1
      Alias -> Map Local Operator Tree:
        b 
          TableScan
            alias: b
            Statistics: Num rows: 398 Data size: 81364 Basic stats: COMPLETE Column stats: NONE
            HashTable Sink Operator
              keys:
                0 symbol (type: string), trade_date (type: string)
                1 symbol (type: string), trade_date (type: string)

  Stage: Stage-2
    Map Reduce
      Map Operator Tree:
          TableScan
            alias: a
            Statistics: Num rows: 69730 Data size: 14782892 Basic stats: COMPLETE Column stats: NONE
            Map Join Operator
              condition map:
                   Left Outer Join0 to 1
              keys:
                0 symbol (type: string), trade_date (type: string)
                1 symbol (type: string), trade_date (type: string)
              outputColumnNames: _col1, _col2, _col4, _col5, _col6, _col15
              Statistics: Num rows: 76703 Data size: 16261181 Basic stats: COMPLETE Column stats: NONE
              Group By Operator
                aggregations: max(_col4), min(_col5), avg(_col6), sum(_col15)
                keys: _col1 (type: string), year(_col2) (type: int)
                mode: hash
                outputColumnNames: _col0, _col1, _col2, _col3, _col4, _col5
                Statistics: Num rows: 76703 Data size: 16261181 Basic stats: COMPLETE Column stats: NONE
                Reduce Output Operator
                  key expressions: _col0 (type: string), _col1 (type: int)
                  sort order: ++
                  Map-reduce partition columns: _col0 (type: string), _col1 (type: int)
                  Statistics: Num rows: 76703 Data size: 16261181 Basic stats: COMPLETE Column stats: NONE
                  value expressions: _col2 (type: float), _col3 (type: float), _col4 (type: struct<count:bigint,sum:double,input:float>), _col5 (type: double)
      Local Work:
        Map Reduce Local Work
      Reduce Operator Tree:
        Group By Operator
          aggregations: max(VALUE._col0), min(VALUE._col1), avg(VALUE._col2), sum(VALUE._col3)
          keys: KEY._col0 (type: string), KEY._col1 (type: int)
          mode: mergepartial
          outputColumnNames: _col0, _col1, _col2, _col3, _col4, _col5
          Statistics: Num rows: 38351 Data size: 8130484 Basic stats: COMPLETE Column stats: NONE
          File Output Operator
            compressed: false
            Statistics: Num rows: 38351 Data size: 8130484 Basic stats: COMPLETE Column stats: NONE
            table:
                input format: org.apache.hadoop.mapred.TextInputFormat
                output format: org.apache.hadoop.hive.ql.io.HiveIgnoreKeyTextOutputFormat
                serde: org.apache.hadoop.hive.serde2.lazy.LazySimpleSerDe

  Stage: Stage-0
    Fetch Operator
      limit: -1
      Processor Tree:
        ListSink



















hive> explain select * from stock_aggregates limit 10;
OK
STAGE DEPENDENCIES:
  Stage-0 is a root stage

STAGE PLANS:
  Stage: Stage-0
    Fetch Operator
      limit: 10
      Processor Tree:
        TableScan
          alias: stock_aggregates
          Statistics: Num rows: 1188 Data size: 39921 Basic stats: COMPLETE Column stats: NONE
          Select Operator
            expressions: symbol (type: string), year (type: string), high (type: float), low (type: float), average_close (type: float), total_dividends (type: float)
            outputColumnNames: _col0, _col1, _col2, _col3, _col4, _col5
            Statistics: Num rows: 1188 Data size: 39921 Basic stats: COMPLETE Column stats: NONE
            Limit
              Number of rows: 10
              Statistics: Num rows: 10 Data size: 330 Basic stats: COMPLETE Column stats: NONE
              ListSink

Time taken: 0.052 seconds, Fetched: 20 row(s)


